<?xml version="1.0" encoding="UTF-8"?>
<!-- Generated by org.testng.reporters.JUnitReportReporter -->
<testsuite skipped="0" hostname="asklap" name="com.ashish.test.DemoTest" tests="1" failures="0" timestamp="10 Sep 2018 16:00:36 GMT" time="0.003" errors="0">
  <testcase name="Sum" time="0.003" classname="com.ashish.test.DemoTest"/>
</testsuite> <!-- com.ashish.test.DemoTest -->
