<?xml version="1.0" encoding="UTF-8"?>
<!-- Generated by org.testng.reporters.JUnitReportReporter -->
<testsuite skipped="0" hostname="asklap" name="com.ashish.test.DemoTest2" tests="1" failures="0" timestamp="10 Sep 2018 16:00:36 GMT" time="0.015" errors="0">
  <testcase name="Diff" time="0.015" classname="com.ashish.test.DemoTest2"/>
</testsuite> <!-- com.ashish.test.DemoTest2 -->
